2025-08-10 10:58:09,365 - services.queue_manager - INFO - Added download e66e2690-412d-4a87-96b1-68f9ebd70d25 to queue
2025-08-10 10:58:09,367 - services.queue_manager - INFO - Started queue processing
2025-08-10 10:58:09,367 - services.queue_manager - INFO - Started download e66e2690-412d-4a87-96b1-68f9ebd70d25
2025-08-10 10:58:17,387 - services.queue_manager - INFO - Download e66e2690-412d-4a87-96b1-68f9ebd70d25 completed successfully
2025-08-10 10:58:17,388 - services.queue_manager - INFO - Queue processing stopped
2025-08-10 20:17:15,502 - core.downloader - ERROR - Frame download error: Download failed - no info returned
2025-08-10 20:17:15,503 - api.routes.video - ERROR - Error downloading frame: Frame download failed: Download failed - no info returned
2025-08-10 20:37:45,191 - core.downloader - INFO - SponsorBlock music download completed: downloads/Aavan_Jaavan_Song_WAR_2_Hrithik_Roshan_Kiara_Advani_Pritam_Arijit_Singh_Nikhita_Amitabh_B.mp3
2025-08-10 20:37:45,192 - core.downloader - INFO - Removed categories: ['sponsor', 'intro', 'outro', 'selfpromo', 'interaction', 'music_offtopic']
2025-08-10 20:39:23,409 - core.downloader - INFO - SponsorBlock music download completed: downloads/Luka_Chuppi_-_Duniyaa_Full_Video_Song_Kartik_Aaryan_Kriti_Sanon_Akhil_Dhvani_B.mp3
2025-08-10 20:39:23,410 - core.downloader - INFO - Removed categories: ['sponsor', 'intro', 'outro', 'selfpromo', 'interaction', 'music_offtopic']
2025-08-10 20:41:00,454 - core.downloader - INFO - SponsorBlock music download completed: downloads/Luka_Chuppi_-_Duniyaa_Full_Video_Song_Kartik_Aaryan_Kriti_Sanon_Akhil_Dhvani_B.mp3
2025-08-10 20:41:00,454 - core.downloader - INFO - Removed categories: ['sponsor', 'intro', 'outro', 'selfpromo', 'preview', 'interaction', 'music_offtopic']
2025-08-10 20:44:08,050 - core.downloader - ERROR - Error extracting video info: Failed to extract video information
2025-08-10 20:44:08,051 - api.routes.video - ERROR - Error getting video info: Failed to get video information: Failed to extract video information
2025-08-10 20:44:39,579 - core.downloader - INFO - SponsorBlock music download completed: downloads/Premalo_-_8K_Video_Court_Priyadarshi_Harsh_Roshan_Sridevi_Vijai_Bulganin_Ram_Jagadeesh.mp3
2025-08-10 20:44:39,579 - core.downloader - INFO - Removed categories: ['sponsor', 'intro', 'outro', 'selfpromo', 'preview', 'interaction', 'music_offtopic']
2025-08-10 20:46:54,950 - core.downloader - ERROR - Frame download error: Download failed - no info returned
2025-08-10 20:46:54,952 - api.routes.video - ERROR - Error downloading frame: Frame download failed: Download failed - no info returned
2025-08-10 20:47:21,602 - core.downloader - ERROR - Frame download error: Download failed - no info returned
2025-08-10 20:47:21,604 - api.routes.video - ERROR - Error downloading frame: Frame download failed: Download failed - no info returned
2025-08-10 20:47:45,643 - core.downloader - ERROR - Frame download error: Download failed - no info returned
2025-08-10 20:47:45,644 - api.routes.video - ERROR - Error downloading frame: Frame download failed: Download failed - no info returned
2025-08-10 20:47:59,641 - core.downloader - ERROR - Frame download error: Download failed - no info returned
2025-08-10 20:47:59,643 - api.routes.video - ERROR - Error downloading frame: Frame download failed: Download failed - no info returned
2025-08-10 20:48:18,825 - core.downloader - ERROR - Frame download error: Download failed - no info returned
2025-08-10 20:48:18,825 - api.routes.video - ERROR - Error downloading frame: Frame download failed: Download failed - no info returned
2025-08-10 21:13:07,445 - core.downloader - ERROR - Error extracting video info: Failed to extract video information
2025-08-10 21:13:07,445 - api.routes.video - ERROR - Error getting video info: Failed to get video information: Failed to extract video information
2025-08-15 09:18:01,750 - core.downloader - ERROR - Error extracting video info: Failed to extract video information
2025-08-15 09:18:01,751 - api.routes.video - ERROR - Error getting video info: Failed to get video information: Failed to extract video information
2025-08-15 09:35:13,044 - core.downloader - INFO - Trying extraction strategy 1/3 for URL: https://www.youtube.com/watch?v=N6n9ZQLMGbo
2025-08-15 09:35:18,884 - core.downloader - INFO - Successfully extracted info using strategy 1
2025-08-15 09:47:31,468 - core.downloader - INFO - Trying extraction strategy 1/3 for URL: https://www.youtube.com/watch?v=uQAv2IwrdXo
2025-08-15 09:47:36,803 - core.downloader - INFO - Successfully extracted info using strategy 1
2025-08-15 09:50:23,296 - core.downloader - INFO - Trying extraction strategy 1/3 for URL: https://www.youtube.com/watch?v=1in9qjwkOuo&list=RD1in9qjwkOuo&start_radio=1
2025-08-15 09:51:08,968 - core.downloader - INFO - Trying extraction strategy 1/3 for URL: https://www.youtube.com/watch?v=1in9qjwkOuo
2025-08-15 09:51:14,308 - core.downloader - INFO - Successfully extracted info using strategy 1
2025-08-19 22:51:36,487 - core.downloader - INFO - Trying extraction strategy 1/3 for URL: https://www.youtube.com/watch?v=eJ17yI0OLco
2025-08-19 22:51:41,197 - core.downloader - INFO - Successfully extracted info using strategy 1
2025-08-21 23:46:41,525 - core.downloader - INFO - Trying extraction strategy 1/3 for URL: https://stream.pwjarvis.com/eyJhbGciOiJIUzI1NiIsInR5cCI6IkpXVCJ9.eyJ2aWRlb0lkIjoiZWRjZDQ2MTAtMTM3My00NmI2LTllYjktNjI1MDYwNGZhOWQyIiwiaWF0IjoxNzU1NzczNTQ2LCJleHAiOjE3NTU3ODQzNDZ9.IAfWaGhsy-Z9E7lzWNbQEY5iOup96NQushyDWtqy1Lc/hls/720/main.m3u8
2025-08-21 23:46:42,394 - core.downloader - WARNING - Strategy 1 failed: Failed to extract video information
2025-08-21 23:46:42,394 - core.downloader - INFO - Trying extraction strategy 2/3 for URL: https://stream.pwjarvis.com/eyJhbGciOiJIUzI1NiIsInR5cCI6IkpXVCJ9.eyJ2aWRlb0lkIjoiZWRjZDQ2MTAtMTM3My00NmI2LTllYjktNjI1MDYwNGZhOWQyIiwiaWF0IjoxNzU1NzczNTQ2LCJleHAiOjE3NTU3ODQzNDZ9.IAfWaGhsy-Z9E7lzWNbQEY5iOup96NQushyDWtqy1Lc/hls/720/main.m3u8
2025-08-21 23:46:42,825 - core.downloader - WARNING - Strategy 2 failed: Failed to extract video information
2025-08-21 23:46:42,825 - core.downloader - INFO - Trying extraction strategy 3/3 for URL: https://stream.pwjarvis.com/eyJhbGciOiJIUzI1NiIsInR5cCI6IkpXVCJ9.eyJ2aWRlb0lkIjoiZWRjZDQ2MTAtMTM3My00NmI2LTllYjktNjI1MDYwNGZhOWQyIiwiaWF0IjoxNzU1NzczNTQ2LCJleHAiOjE3NTU3ODQzNDZ9.IAfWaGhsy-Z9E7lzWNbQEY5iOup96NQushyDWtqy1Lc/hls/720/main.m3u8
2025-08-21 23:46:43,231 - core.downloader - WARNING - Strategy 3 failed: Failed to extract video information
2025-08-21 23:46:43,232 - api.routes.video - ERROR - Error getting video info: All extraction strategies failed. Last error: Failed to extract video information
2025-08-21 23:48:33,348 - core.downloader - INFO - Trying extraction strategy 1/3 for URL: https://stream.pwjarvis.com/eyJhbGciOiJIUzI1NiIsInR5cCI6IkpXVCJ9.eyJ2aWRlb0lkIjoiZWRjZDQ2MTAtMTM3My00NmI2LTllYjktNjI1MDYwNGZhOWQyIiwiaWF0IjoxNzU1NzczNTQ2LCJleHAiOjE3NTU3ODQzNDZ9.IAfWaGhsy-Z9E7lzWNbQEY5iOup96NQushyDWtqy1Lc/hls/720/main.m3u8
2025-08-21 23:48:33,716 - core.downloader - WARNING - Strategy 1 failed: Failed to extract video information
2025-08-21 23:48:33,716 - core.downloader - INFO - Trying extraction strategy 2/3 for URL: https://stream.pwjarvis.com/eyJhbGciOiJIUzI1NiIsInR5cCI6IkpXVCJ9.eyJ2aWRlb0lkIjoiZWRjZDQ2MTAtMTM3My00NmI2LTllYjktNjI1MDYwNGZhOWQyIiwiaWF0IjoxNzU1NzczNTQ2LCJleHAiOjE3NTU3ODQzNDZ9.IAfWaGhsy-Z9E7lzWNbQEY5iOup96NQushyDWtqy1Lc/hls/720/main.m3u8
2025-08-21 23:48:34,065 - core.downloader - WARNING - Strategy 2 failed: Failed to extract video information
2025-08-21 23:48:34,065 - core.downloader - INFO - Trying extraction strategy 3/3 for URL: https://stream.pwjarvis.com/eyJhbGciOiJIUzI1NiIsInR5cCI6IkpXVCJ9.eyJ2aWRlb0lkIjoiZWRjZDQ2MTAtMTM3My00NmI2LTllYjktNjI1MDYwNGZhOWQyIiwiaWF0IjoxNzU1NzczNTQ2LCJleHAiOjE3NTU3ODQzNDZ9.IAfWaGhsy-Z9E7lzWNbQEY5iOup96NQushyDWtqy1Lc/hls/720/main.m3u8
2025-08-21 23:48:34,400 - core.downloader - WARNING - Strategy 3 failed: Failed to extract video information
2025-08-21 23:48:34,400 - api.routes.video - ERROR - Error getting video info: All extraction strategies failed. Last error: Failed to extract video information
2025-08-21 23:48:59,693 - core.downloader - INFO - Trying extraction strategy 1/3 for URL: https://stream.pwjarvis.com/eyJhbGciOiJIUzI1NiIsInR5cCI6IkpXVCJ9.eyJ2aWRlb0lkIjoiZWRjZDQ2MTAtMTM3My00NmI2LTllYjktNjI1MDYwNGZhOWQyIiwiaWF0IjoxNzU1NzczNTQ2LCJleHAiOjE3NTU3ODQzNDZ9.IAfWaGhsy-Z9E7lzWNbQEY5iOup96NQushyDWtqy1Lc/hls/720/main.m3u8
2025-08-21 23:49:00,364 - core.downloader - WARNING - Strategy 1 failed: Failed to extract video information
2025-08-21 23:49:00,364 - core.downloader - INFO - Trying extraction strategy 2/3 for URL: https://stream.pwjarvis.com/eyJhbGciOiJIUzI1NiIsInR5cCI6IkpXVCJ9.eyJ2aWRlb0lkIjoiZWRjZDQ2MTAtMTM3My00NmI2LTllYjktNjI1MDYwNGZhOWQyIiwiaWF0IjoxNzU1NzczNTQ2LCJleHAiOjE3NTU3ODQzNDZ9.IAfWaGhsy-Z9E7lzWNbQEY5iOup96NQushyDWtqy1Lc/hls/720/main.m3u8
2025-08-21 23:49:00,703 - core.downloader - WARNING - Strategy 2 failed: Failed to extract video information
2025-08-21 23:49:00,703 - core.downloader - INFO - Trying extraction strategy 3/3 for URL: https://stream.pwjarvis.com/eyJhbGciOiJIUzI1NiIsInR5cCI6IkpXVCJ9.eyJ2aWRlb0lkIjoiZWRjZDQ2MTAtMTM3My00NmI2LTllYjktNjI1MDYwNGZhOWQyIiwiaWF0IjoxNzU1NzczNTQ2LCJleHAiOjE3NTU3ODQzNDZ9.IAfWaGhsy-Z9E7lzWNbQEY5iOup96NQushyDWtqy1Lc/hls/720/main.m3u8
2025-08-21 23:49:01,046 - core.downloader - WARNING - Strategy 3 failed: Failed to extract video information
2025-08-21 23:49:01,046 - api.routes.video - ERROR - Error getting video info: All extraction strategies failed. Last error: Failed to extract video information
2025-08-21 23:52:30,247 - core.downloader - INFO - Trying extraction strategy 1/3 for URL: https://stream.pwjarvis.com/eyJhbGciOiJIUzI1NiIsInR5cCI6IkpXVCJ9.eyJ2aWRlb0lkIjoiZWRjZDQ2MTAtMTM3My00NmI2LTllYjktNjI1MDYwNGZhOWQyIiwiaWF0IjoxNzU1NzczNTQ2LCJleHAiOjE3NTU3ODQzNDZ9.IAfWaGhsy-Z9E7lzWNbQEY5iOup96NQushyDWtqy1Lc/hls/720/main.m3u8
2025-08-21 23:52:30,615 - core.downloader - WARNING - Strategy 1 failed: Failed to extract video information
2025-08-21 23:52:30,616 - core.downloader - INFO - Trying extraction strategy 2/3 for URL: https://stream.pwjarvis.com/eyJhbGciOiJIUzI1NiIsInR5cCI6IkpXVCJ9.eyJ2aWRlb0lkIjoiZWRjZDQ2MTAtMTM3My00NmI2LTllYjktNjI1MDYwNGZhOWQyIiwiaWF0IjoxNzU1NzczNTQ2LCJleHAiOjE3NTU3ODQzNDZ9.IAfWaGhsy-Z9E7lzWNbQEY5iOup96NQushyDWtqy1Lc/hls/720/main.m3u8
2025-08-21 23:52:30,954 - core.downloader - WARNING - Strategy 2 failed: Failed to extract video information
2025-08-21 23:52:30,954 - core.downloader - INFO - Trying extraction strategy 3/3 for URL: https://stream.pwjarvis.com/eyJhbGciOiJIUzI1NiIsInR5cCI6IkpXVCJ9.eyJ2aWRlb0lkIjoiZWRjZDQ2MTAtMTM3My00NmI2LTllYjktNjI1MDYwNGZhOWQyIiwiaWF0IjoxNzU1NzczNTQ2LCJleHAiOjE3NTU3ODQzNDZ9.IAfWaGhsy-Z9E7lzWNbQEY5iOup96NQushyDWtqy1Lc/hls/720/main.m3u8
2025-08-21 23:52:31,324 - core.downloader - WARNING - Strategy 3 failed: Failed to extract video information
2025-08-21 23:52:31,325 - api.routes.video - ERROR - Error getting video info: All extraction strategies failed. Last error: Failed to extract video information
2025-08-25 14:09:50,434 - core.downloader - INFO - Trying extraction strategy 1/3 for URL: https://www.youtube.com/watch?v=X_Bz60yGGsk&t=255s
2025-08-25 14:10:01,537 - core.downloader - WARNING - Strategy 1 failed: Failed to extract video information
2025-08-25 14:10:01,538 - core.downloader - INFO - Trying extraction strategy 2/3 for URL: https://www.youtube.com/watch?v=X_Bz60yGGsk&t=255s
2025-08-25 14:10:02,809 - core.downloader - INFO - Successfully extracted info using strategy 2
2025-08-25 14:10:25,407 - core.downloader - INFO - Trying extraction strategy 1/3 for URL: https://www.youtube.com/watch?v=X_Bz60yGGsk
2025-08-25 14:10:31,764 - core.downloader - WARNING - Strategy 1 failed: Failed to extract video information
2025-08-25 14:10:31,764 - core.downloader - INFO - Trying extraction strategy 2/3 for URL: https://www.youtube.com/watch?v=X_Bz60yGGsk
2025-08-25 14:10:33,079 - core.downloader - INFO - Successfully extracted info using strategy 2
2025-08-25 14:11:50,809 - core.downloader - INFO - Trying extraction strategy 1/3 for URL: https://www.youtube.com/watch?v=jyMxSIFyXwo
2025-08-25 14:12:04,712 - core.downloader - WARNING - Strategy 1 failed: Failed to extract video information
2025-08-25 14:12:04,712 - core.downloader - INFO - Trying extraction strategy 2/3 for URL: https://www.youtube.com/watch?v=jyMxSIFyXwo
2025-08-25 14:12:05,878 - core.downloader - INFO - Successfully extracted info using strategy 2
2025-08-25 14:15:23,243 - core.downloader - INFO - Trying extraction strategy 1/3 for URL: https://www.youtube.com/watch?v=AOIeoPwpe6E
2025-08-25 14:15:27,026 - core.downloader - INFO - Successfully extracted info using strategy 1
2025-08-25 14:17:01,286 - core.downloader - INFO - Trying extraction strategy 1/3 for URL: https://www.youtube.com/watch?v=jyMxSIFyXwo
2025-08-25 14:17:03,213 - core.downloader - INFO - Successfully extracted info using strategy 1
2025-08-25 14:17:42,775 - core.downloader - INFO - Trying extraction strategy 1/3 for URL: https://www.youtube.com/watch?v=84ezDzNlbJ4
2025-08-25 14:17:44,127 - core.downloader - INFO - Successfully extracted info using strategy 1
2025-08-25 14:18:28,824 - core.downloader - INFO - Trying extraction strategy 1/3 for URL: https://www.youtube.com/watch?v=X_Bz60yGGsk
2025-08-25 14:18:30,181 - core.downloader - INFO - Successfully extracted info using strategy 1
2025-08-25 14:18:36,048 - core.downloader - ERROR - Frame download error: Download failed - no info returned
2025-08-25 14:18:36,048 - api.routes.video - ERROR - Error downloading frame: Frame download failed: Download failed - no info returned
2025-08-25 14:18:41,049 - core.downloader - ERROR - Frame download error: Download failed - no info returned
2025-08-25 14:18:41,049 - api.routes.video - ERROR - Error downloading frame: Frame download failed: Download failed - no info returned
2025-08-25 14:22:10,738 - core.downloader - INFO - Trying extraction strategy 1/3 for URL: https://www.youtube.com/watch?v=X_Bz60yGGsk
2025-08-25 14:22:12,513 - core.downloader - INFO - Successfully extracted info using strategy 1
2025-08-25 14:22:37,973 - core.downloader - INFO - Trying extraction strategy 1/3 for URL: https://www.youtube.com/watch?v=X_Bz60yGGsk
2025-08-25 14:22:39,280 - core.downloader - INFO - Successfully extracted info using strategy 1
2025-08-25 14:22:42,456 - core.downloader - ERROR - Frame download error: Download failed - no info returned
2025-08-25 14:22:42,456 - api.routes.video - ERROR - Error downloading frame: Frame download failed: Download failed - no info returned
2025-08-25 14:23:14,978 - core.downloader - INFO - Trying extraction strategy 1/3 for URL: https://www.youtube.com/watch?v=X_Bz60yGGsk
2025-08-25 14:23:16,842 - core.downloader - INFO - Successfully extracted info using strategy 1
2025-08-25 14:23:20,374 - core.downloader - ERROR - Frame download error: Download failed - no info returned
2025-08-25 14:23:20,374 - api.routes.video - ERROR - Error downloading frame: Frame download failed: Download failed - no info returned
2025-08-25 14:24:48,565 - core.downloader - INFO - Trying extraction strategy 1/3 for URL: https://www.youtube.com/watch?v=X_Bz60yGGsk
2025-08-25 14:24:50,105 - core.downloader - INFO - Successfully extracted info using strategy 1
2025-08-25 14:24:55,395 - core.downloader - ERROR - Frame download error: Download failed - no info returned
2025-08-25 14:24:55,396 - api.routes.video - ERROR - Error downloading frame: Frame download failed: Download failed - no info returned
2025-08-25 14:25:11,776 - core.downloader - INFO - Trying extraction strategy 1/3 for URL: https://www.youtube.com/watch?v=X_Bz60yGGsk
2025-08-25 14:25:13,154 - core.downloader - INFO - Successfully extracted info using strategy 1
